 1?: [LOCALHOST]                      pmtu 1500
 1:  TEZANSAHU.mshome.net                                  0.332ms 
 1:  TEZANSAHU.mshome.net                                  0.291ms 
 2:  reliance.reliance                                     1.802ms 
 3:  10.40.48.1                                            7.012ms 
 4:  172.16.16.11                                          4.708ms 
 5:  172.17.0.238                                          2.882ms 
 6:  no reply
 7:  no reply
 8:  no reply
 9:  no reply
10:  no reply
11:  no reply
12:  no reply
13:  no reply
14:  no reply
15:  no reply
16:  no reply
17:  no reply
18:  no reply
19:  no reply
20:  no reply
21:  no reply
22:  no reply
23:  no reply
24:  no reply
25:  no reply
26:  no reply
27:  no reply
28:  no reply
29:  no reply
30:  no reply
     Too many hops: pmtu 1500
     Resume: pmtu 1500 
